<?xml version="1.0" encoding="UTF-8"?>
<!-- Generated by org.testng.reporters.JUnitReportReporter -->
<testsuite hostname="NC2LW11NK3" failures="0" tests="1" name="testCases.TC_007_Subscription" time="1.143" errors="0" timestamp="2025-02-17T12:25:44 IST" skipped="0">
  <testcase classname="testCases.TC_007_Subscription" name="verifySubscription" time="1.143"/>
</testsuite> <!-- testCases.TC_007_Subscription -->
