<?xml version="1.0" encoding="UTF-8"?>
<!-- Generated by org.testng.reporters.JUnitReportReporter -->
<testsuite hostname="NC2LW11NK3" failures="0" tests="50" name="testCases.TC_0015_SignupMultipleUsers" time="165.423" errors="0" timestamp="2025-02-20T10:47:56 IST" skipped="0">
  <testcase classname="testCases.TC_0015_SignupMultipleUsers" name="verify_multiplesignup" time="3.187"/>
  <testcase classname="testCases.TC_0015_SignupMultipleUsers" name="verify_multiplesignup" time="3.658"/>
  <testcase classname="testCases.TC_0015_SignupMultipleUsers" name="verify_multiplesignup" time="3.051"/>
  <testcase classname="testCases.TC_0015_SignupMultipleUsers" name="verify_multiplesignup" time="3.107"/>
  <testcase classname="testCases.TC_0015_SignupMultipleUsers" name="verify_multiplesignup" time="3.218"/>
  <testcase classname="testCases.TC_0015_SignupMultipleUsers" name="verify_multiplesignup" time="3.193"/>
  <testcase classname="testCases.TC_0015_SignupMultipleUsers" name="verify_multiplesignup" time="3.103"/>
  <testcase classname="testCases.TC_0015_SignupMultipleUsers" name="verify_multiplesignup" time="3.302"/>
  <testcase classname="testCases.TC_0015_SignupMultipleUsers" name="verify_multiplesignup" time="3.040"/>
  <testcase classname="testCases.TC_0015_SignupMultipleUsers" name="verify_multiplesignup" time="3.194"/>
  <testcase classname="testCases.TC_0015_SignupMultipleUsers" name="verify_multiplesignup" time="3.137"/>
  <testcase classname="testCases.TC_0015_SignupMultipleUsers" name="verify_multiplesignup" time="3.112"/>
  <testcase classname="testCases.TC_0015_SignupMultipleUsers" name="verify_multiplesignup" time="3.088"/>
  <testcase classname="testCases.TC_0015_SignupMultipleUsers" name="verify_multiplesignup" time="3.084"/>
  <testcase classname="testCases.TC_0015_SignupMultipleUsers" name="verify_multiplesignup" time="3.111"/>
  <testcase classname="testCases.TC_0015_SignupMultipleUsers" name="verify_multiplesignup" time="4.010"/>
  <testcase classname="testCases.TC_0015_SignupMultipleUsers" name="verify_multiplesignup" time="3.204"/>
  <testcase classname="testCases.TC_0015_SignupMultipleUsers" name="verify_multiplesignup" time="3.109"/>
  <testcase classname="testCases.TC_0015_SignupMultipleUsers" name="verify_multiplesignup" time="3.160"/>
  <testcase classname="testCases.TC_0015_SignupMultipleUsers" name="verify_multiplesignup" time="3.116"/>
  <testcase classname="testCases.TC_0015_SignupMultipleUsers" name="verify_multiplesignup" time="2.945"/>
  <testcase classname="testCases.TC_0015_SignupMultipleUsers" name="verify_multiplesignup" time="3.156"/>
  <testcase classname="testCases.TC_0015_SignupMultipleUsers" name="verify_multiplesignup" time="3.480"/>
  <testcase classname="testCases.TC_0015_SignupMultipleUsers" name="verify_multiplesignup" time="3.053"/>
  <testcase classname="testCases.TC_0015_SignupMultipleUsers" name="verify_multiplesignup" time="3.191"/>
  <testcase classname="testCases.TC_0015_SignupMultipleUsers" name="verify_multiplesignup" time="3.059"/>
  <testcase classname="testCases.TC_0015_SignupMultipleUsers" name="verify_multiplesignup" time="4.483"/>
  <testcase classname="testCases.TC_0015_SignupMultipleUsers" name="verify_multiplesignup" time="2.975"/>
  <testcase classname="testCases.TC_0015_SignupMultipleUsers" name="verify_multiplesignup" time="2.884"/>
  <testcase classname="testCases.TC_0015_SignupMultipleUsers" name="verify_multiplesignup" time="2.994"/>
  <testcase classname="testCases.TC_0015_SignupMultipleUsers" name="verify_multiplesignup" time="3.029"/>
  <testcase classname="testCases.TC_0015_SignupMultipleUsers" name="verify_multiplesignup" time="3.134"/>
  <testcase classname="testCases.TC_0015_SignupMultipleUsers" name="verify_multiplesignup" time="5.094"/>
  <testcase classname="testCases.TC_0015_SignupMultipleUsers" name="verify_multiplesignup" time="3.193"/>
  <testcase classname="testCases.TC_0015_SignupMultipleUsers" name="verify_multiplesignup" time="3.828"/>
  <testcase classname="testCases.TC_0015_SignupMultipleUsers" name="verify_multiplesignup" time="3.196"/>
  <testcase classname="testCases.TC_0015_SignupMultipleUsers" name="verify_multiplesignup" time="2.978"/>
  <testcase classname="testCases.TC_0015_SignupMultipleUsers" name="verify_multiplesignup" time="3.315"/>
  <testcase classname="testCases.TC_0015_SignupMultipleUsers" name="verify_multiplesignup" time="3.010"/>
  <testcase classname="testCases.TC_0015_SignupMultipleUsers" name="verify_multiplesignup" time="3.727"/>
  <testcase classname="testCases.TC_0015_SignupMultipleUsers" name="verify_multiplesignup" time="3.218"/>
  <testcase classname="testCases.TC_0015_SignupMultipleUsers" name="verify_multiplesignup" time="3.965"/>
  <testcase classname="testCases.TC_0015_SignupMultipleUsers" name="verify_multiplesignup" time="4.428"/>
  <testcase classname="testCases.TC_0015_SignupMultipleUsers" name="verify_multiplesignup" time="2.992"/>
  <testcase classname="testCases.TC_0015_SignupMultipleUsers" name="verify_multiplesignup" time="2.982"/>
  <testcase classname="testCases.TC_0015_SignupMultipleUsers" name="verify_multiplesignup" time="3.247"/>
  <testcase classname="testCases.TC_0015_SignupMultipleUsers" name="verify_multiplesignup" time="4.028"/>
  <testcase classname="testCases.TC_0015_SignupMultipleUsers" name="verify_multiplesignup" time="3.199"/>
  <testcase classname="testCases.TC_0015_SignupMultipleUsers" name="verify_multiplesignup" time="3.151"/>
  <testcase classname="testCases.TC_0015_SignupMultipleUsers" name="verify_multiplesignup" time="3.305"/>
</testsuite> <!-- testCases.TC_0015_SignupMultipleUsers -->
