<?xml version="1.0" encoding="UTF-8"?>
<!-- Generated by org.testng.reporters.JUnitReportReporter -->
<testsuite hostname="NC2LW11NK3" failures="0" tests="1" name="testCases.TC_004_ContactUs" time="13.172" errors="0" timestamp="2025-02-18T13:03:54 IST" skipped="0">
  <testcase classname="testCases.TC_004_ContactUs" name="verify_contactus" time="13.172"/>
</testsuite> <!-- testCases.TC_004_ContactUs -->
