<?xml version="1.0" encoding="UTF-8"?>
<!-- Generated by org.testng.reporters.JUnitReportReporter -->
<testsuite hostname="NC2LW11NK3" failures="0" tests="1" name="testCases.TC_0014_ScrollUp" time="13.372" errors="0" timestamp="2025-02-20T10:47:56 IST" skipped="0">
  <testcase classname="testCases.TC_0014_ScrollUp" name="verify_scrollup" time="13.372"/>
</testsuite> <!-- testCases.TC_0014_ScrollUp -->
