<?xml version="1.0" encoding="UTF-8"?>
<!-- Generated by org.testng.reporters.JUnitReportReporter -->
<testsuite hostname="NC2LW11NK3" failures="0" tests="50" name="testCases.TC_0015_SignupMultipleUsers" time="173.658" errors="0" timestamp="2025-02-17T16:06:22 IST" skipped="0">
  <testcase classname="testCases.TC_0015_SignupMultipleUsers" name="verify_multiplesignup" time="3.100"/>
  <testcase classname="testCases.TC_0015_SignupMultipleUsers" name="verify_multiplesignup" time="3.278"/>
  <testcase classname="testCases.TC_0015_SignupMultipleUsers" name="verify_multiplesignup" time="3.156"/>
  <testcase classname="testCases.TC_0015_SignupMultipleUsers" name="verify_multiplesignup" time="4.152"/>
  <testcase classname="testCases.TC_0015_SignupMultipleUsers" name="verify_multiplesignup" time="3.359"/>
  <testcase classname="testCases.TC_0015_SignupMultipleUsers" name="verify_multiplesignup" time="4.124"/>
  <testcase classname="testCases.TC_0015_SignupMultipleUsers" name="verify_multiplesignup" time="3.644"/>
  <testcase classname="testCases.TC_0015_SignupMultipleUsers" name="verify_multiplesignup" time="3.097"/>
  <testcase classname="testCases.TC_0015_SignupMultipleUsers" name="verify_multiplesignup" time="3.541"/>
  <testcase classname="testCases.TC_0015_SignupMultipleUsers" name="verify_multiplesignup" time="4.195"/>
  <testcase classname="testCases.TC_0015_SignupMultipleUsers" name="verify_multiplesignup" time="3.110"/>
  <testcase classname="testCases.TC_0015_SignupMultipleUsers" name="verify_multiplesignup" time="3.503"/>
  <testcase classname="testCases.TC_0015_SignupMultipleUsers" name="verify_multiplesignup" time="3.187"/>
  <testcase classname="testCases.TC_0015_SignupMultipleUsers" name="verify_multiplesignup" time="2.839"/>
  <testcase classname="testCases.TC_0015_SignupMultipleUsers" name="verify_multiplesignup" time="3.387"/>
  <testcase classname="testCases.TC_0015_SignupMultipleUsers" name="verify_multiplesignup" time="3.166"/>
  <testcase classname="testCases.TC_0015_SignupMultipleUsers" name="verify_multiplesignup" time="2.960"/>
  <testcase classname="testCases.TC_0015_SignupMultipleUsers" name="verify_multiplesignup" time="3.145"/>
  <testcase classname="testCases.TC_0015_SignupMultipleUsers" name="verify_multiplesignup" time="3.493"/>
  <testcase classname="testCases.TC_0015_SignupMultipleUsers" name="verify_multiplesignup" time="3.528"/>
  <testcase classname="testCases.TC_0015_SignupMultipleUsers" name="verify_multiplesignup" time="3.464"/>
  <testcase classname="testCases.TC_0015_SignupMultipleUsers" name="verify_multiplesignup" time="3.740"/>
  <testcase classname="testCases.TC_0015_SignupMultipleUsers" name="verify_multiplesignup" time="3.205"/>
  <testcase classname="testCases.TC_0015_SignupMultipleUsers" name="verify_multiplesignup" time="3.066"/>
  <testcase classname="testCases.TC_0015_SignupMultipleUsers" name="verify_multiplesignup" time="3.458"/>
  <testcase classname="testCases.TC_0015_SignupMultipleUsers" name="verify_multiplesignup" time="3.070"/>
  <testcase classname="testCases.TC_0015_SignupMultipleUsers" name="verify_multiplesignup" time="3.416"/>
  <testcase classname="testCases.TC_0015_SignupMultipleUsers" name="verify_multiplesignup" time="3.013"/>
  <testcase classname="testCases.TC_0015_SignupMultipleUsers" name="verify_multiplesignup" time="3.567"/>
  <testcase classname="testCases.TC_0015_SignupMultipleUsers" name="verify_multiplesignup" time="3.249"/>
  <testcase classname="testCases.TC_0015_SignupMultipleUsers" name="verify_multiplesignup" time="4.135"/>
  <testcase classname="testCases.TC_0015_SignupMultipleUsers" name="verify_multiplesignup" time="3.166"/>
  <testcase classname="testCases.TC_0015_SignupMultipleUsers" name="verify_multiplesignup" time="3.136"/>
  <testcase classname="testCases.TC_0015_SignupMultipleUsers" name="verify_multiplesignup" time="4.452"/>
  <testcase classname="testCases.TC_0015_SignupMultipleUsers" name="verify_multiplesignup" time="4.852"/>
  <testcase classname="testCases.TC_0015_SignupMultipleUsers" name="verify_multiplesignup" time="3.075"/>
  <testcase classname="testCases.TC_0015_SignupMultipleUsers" name="verify_multiplesignup" time="3.177"/>
  <testcase classname="testCases.TC_0015_SignupMultipleUsers" name="verify_multiplesignup" time="4.167"/>
  <testcase classname="testCases.TC_0015_SignupMultipleUsers" name="verify_multiplesignup" time="3.821"/>
  <testcase classname="testCases.TC_0015_SignupMultipleUsers" name="verify_multiplesignup" time="3.443"/>
  <testcase classname="testCases.TC_0015_SignupMultipleUsers" name="verify_multiplesignup" time="3.419"/>
  <testcase classname="testCases.TC_0015_SignupMultipleUsers" name="verify_multiplesignup" time="3.118"/>
  <testcase classname="testCases.TC_0015_SignupMultipleUsers" name="verify_multiplesignup" time="3.369"/>
  <testcase classname="testCases.TC_0015_SignupMultipleUsers" name="verify_multiplesignup" time="3.264"/>
  <testcase classname="testCases.TC_0015_SignupMultipleUsers" name="verify_multiplesignup" time="3.170"/>
  <testcase classname="testCases.TC_0015_SignupMultipleUsers" name="verify_multiplesignup" time="3.196"/>
  <testcase classname="testCases.TC_0015_SignupMultipleUsers" name="verify_multiplesignup" time="4.706"/>
  <testcase classname="testCases.TC_0015_SignupMultipleUsers" name="verify_multiplesignup" time="3.506"/>
  <testcase classname="testCases.TC_0015_SignupMultipleUsers" name="verify_multiplesignup" time="3.599"/>
  <testcase classname="testCases.TC_0015_SignupMultipleUsers" name="verify_multiplesignup" time="3.675"/>
</testsuite> <!-- testCases.TC_0015_SignupMultipleUsers -->
