<?xml version="1.0" encoding="UTF-8"?>
<!-- Generated by org.testng.reporters.JUnitReportReporter -->
<testsuite hostname="NC2LW11NK3" failures="0" tests="1" name="testCases.TC_0014_ScrollUp" time="9.301" errors="0" timestamp="2025-02-17T13:18:11 IST" skipped="0">
  <testcase classname="testCases.TC_0014_ScrollUp" name="verify_scrollup" time="9.301"/>
</testsuite> <!-- testCases.TC_0014_ScrollUp -->
