<?xml version="1.0" encoding="UTF-8"?>
<!-- Generated by org.testng.reporters.JUnitReportReporter -->
<testsuite hostname="NC2LW11NK3" failures="0" tests="1" name="testCases.TC_009_verifylogin_Checkout" time="20.203" errors="0" timestamp="2025-02-20T10:47:56 IST" skipped="0">
  <testcase classname="testCases.TC_009_verifylogin_Checkout" name="verifyCheckout" time="20.203"/>
</testsuite> <!-- testCases.TC_009_verifylogin_Checkout -->
