<?xml version="1.0" encoding="UTF-8"?>
<!-- Generated by org.testng.reporters.JUnitReportReporter -->
<testsuite hostname="NC2LW11NK3" failures="0" tests="1" name="testCases.TC_009_verifylogin_Checkout" time="25.190" errors="0" timestamp="2025-02-13T15:09:42 IST" skipped="0">
  <testcase classname="testCases.TC_009_verifylogin_Checkout" name="verifyCheckout" time="25.190"/>
</testsuite> <!-- testCases.TC_009_verifylogin_Checkout -->
