<?xml version="1.0" encoding="UTF-8"?>
<!-- Generated by org.testng.reporters.JUnitReportReporter -->
<testsuite hostname="NC2LW11NK3" failures="0" tests="1" name="testCases.TC_008_ProductQun" time="7.040" errors="0" timestamp="2025-02-12T16:41:37 IST" skipped="0">
  <testcase classname="testCases.TC_008_ProductQun" name="verify_productquentity" time="7.040"/>
</testsuite> <!-- testCases.TC_008_ProductQun -->
