<?xml version="1.0" encoding="UTF-8"?>
<!-- Generated by org.testng.reporters.JUnitReportReporter -->
<testsuite hostname="NC2LW11NK3" failures="0" tests="1" name="testCases.TC_001_SignUp" time="4.307" errors="0" timestamp="2025-02-17T12:20:28 IST" skipped="0">
  <testcase classname="testCases.TC_001_SignUp" name="verify_signup" time="4.307"/>
</testsuite> <!-- testCases.TC_001_SignUp -->
