<?xml version="1.0" encoding="UTF-8"?>
<!-- Generated by org.testng.reporters.JUnitReportReporter -->
<testsuite hostname="NC2LW11NK3" failures="0" tests="1" name="testCases.TC_0013_RecommendedItem" time="2.854" errors="0" timestamp="2025-02-20T10:47:56 IST" skipped="0">
  <testcase classname="testCases.TC_0013_RecommendedItem" name="verify_recommendedItem" time="2.854"/>
</testsuite> <!-- testCases.TC_0013_RecommendedItem -->
