<?xml version="1.0" encoding="UTF-8"?>
<!-- Generated by org.testng.reporters.JUnitReportReporter -->
<testsuite hostname="NC2LW11NK3" failures="0" tests="1" name="testCases.TC_0016_SignupwithMtlRandData" time="33.864" errors="0" timestamp="2025-02-17T16:41:37 IST" skipped="0">
  <testcase classname="testCases.TC_0016_SignupwithMtlRandData" name="verify_multiplesignupwithrandomdata" time="33.864"/>
</testsuite> <!-- testCases.TC_0016_SignupwithMtlRandData -->
