<?xml version="1.0" encoding="UTF-8"?>
<!-- Generated by org.testng.reporters.JUnitReportReporter -->
<testsuite hostname="NC2LW11NK3" failures="0" tests="1" name="testCases.TC_0012_AddReview" time="10.300" errors="0" timestamp="2025-02-14T14:57:45 IST" skipped="0">
  <testcase classname="testCases.TC_0012_AddReview" name="verify_Review_Page" time="10.300"/>
</testsuite> <!-- testCases.TC_0012_AddReview -->
