<?xml version="1.0" encoding="UTF-8"?>
<!-- Generated by org.testng.reporters.JUnitReportReporter -->
<testsuite hostname="NC2LW11NK3" failures="0" tests="1" name="testCases.TC_005_Product_details" time="5.062" errors="0" timestamp="2025-02-20T10:47:56 IST" skipped="0">
  <testcase classname="testCases.TC_005_Product_details" name="Verify_Product_Details" time="5.062"/>
</testsuite> <!-- testCases.TC_005_Product_details -->
