<?xml version="1.0" encoding="UTF-8"?>
<!-- Generated by org.testng.reporters.JUnitReportReporter -->
<testsuite hostname="NC2LW11NK3" failures="0" tests="1" name="testCases.TC_0010_Category_Product" time="5.226" errors="0" timestamp="2025-02-17T17:04:45 IST" skipped="0">
  <testcase classname="testCases.TC_0010_Category_Product" name="verify_categoryproduct" time="5.226"/>
</testsuite> <!-- testCases.TC_0010_Category_Product -->
